<?xml version="1.0" encoding="UTF-8"?>
<testng-results ignored="0" total="1" passed="1" failed="0" skipped="0">
  <reporter-output>
  </reporter-output>
  <suite started-at="2023-01-08T12:14:08 EST" name="Suite" finished-at="2023-01-08T12:14:16 EST" duration-ms="7430">
    <groups>
    </groups>
    <test started-at="2023-01-08T12:14:08 EST" name="Test" finished-at="2023-01-08T12:14:16 EST" duration-ms="7430">
      <class name="TestRun.FinalPostTestRun">
        <test-method is-config="true" signature="before()[pri:0, instance:TestRun.FinalPostTestRun@51e69659]" started-at="2023-01-08T12:14:08 EST" name="before" finished-at="2023-01-08T12:14:09 EST" duration-ms="245" status="PASS">
          <reporter-output>
          </reporter-output>
        </test-method> <!-- before -->
        <test-method is-config="true" signature="setUp(java.lang.reflect.Method)[pri:0, instance:TestRun.FinalPostTestRun@51e69659]" started-at="2023-01-08T12:14:09 EST" name="setUp" finished-at="2023-01-08T12:14:09 EST" duration-ms="8" status="PASS">
          <params>
            <param index="0">
              <value>
                <![CDATA[public void TestRun.FinalPostTestRun.postTestCases()]]>
              </value>
            </param>
          </params>
          <reporter-output>
          </reporter-output>
        </test-method> <!-- setUp -->
        <test-method signature="postTestCases()[pri:0, instance:TestRun.FinalPostTestRun@51e69659]" started-at="2023-01-08T12:14:09 EST" name="postTestCases" finished-at="2023-01-08T12:14:14 EST" duration-ms="5671" status="PASS">
          <reporter-output>
          </reporter-output>
        </test-method> <!-- postTestCases -->
        <test-method is-config="true" signature="aftermethod(org.testng.ITestResult)[pri:0, instance:TestRun.FinalPostTestRun@51e69659]" started-at="2023-01-08T12:14:14 EST" name="aftermethod" finished-at="2023-01-08T12:14:15 EST" duration-ms="117" status="PASS">
          <params>
            <param index="0">
              <value>
                <![CDATA[[TestResult name=postTestCases status=SUCCESS method=FinalPostTestRun.postTestCases()[pri:0, instance:TestRun.FinalPostTestRun@51e69659] output={null}]]]>
              </value>
            </param>
          </params>
          <reporter-output>
          </reporter-output>
        </test-method> <!-- aftermethod -->
        <test-method is-config="true" signature="sfterSuite()[pri:0, instance:TestRun.FinalPostTestRun@51e69659]" started-at="2023-01-08T12:14:15 EST" name="sfterSuite" finished-at="2023-01-08T12:14:16 EST" duration-ms="1333" status="PASS">
          <reporter-output>
          </reporter-output>
        </test-method> <!-- sfterSuite -->
      </class> <!-- TestRun.FinalPostTestRun -->
    </test> <!-- Test -->
  </suite> <!-- Suite -->
</testng-results>
